[2019-12-22 22:11:24] [INFO] Starting BankAcquirerApplication on LAPTOP-KQG7KNCH with PID 3216 (C:\Users\Marijana\Documents\GitLab\sep-project\bank-acquirer\target\classes started by Marijana in C:\Users\Marijana\Documents\GitLab\sep-project\bank-acquirer)
[2019-12-22 22:11:24] [INFO] No active profile set, falling back to default profiles: default
[2019-12-22 22:11:24] [INFO] The Class-Path manifest attribute in C:\Users\Marijana\.m2\repository\org\glassfish\jaxb\jaxb-runtime\2.3.2\jaxb-runtime-2.3.2.jar referenced one or more files that do not exist: file:/C:/Users/Marijana/.m2/repository/org/glassfish/jaxb/jaxb-runtime/2.3.2/jakarta.xml.bind-api-2.3.2.jar,file:/C:/Users/Marijana/.m2/repository/org/glassfish/jaxb/jaxb-runtime/2.3.2/txw2-2.3.2.jar,file:/C:/Users/Marijana/.m2/repository/org/glassfish/jaxb/jaxb-runtime/2.3.2/istack-commons-runtime-3.0.8.jar,file:/C:/Users/Marijana/.m2/repository/org/glassfish/jaxb/jaxb-runtime/2.3.2/stax-ex-1.8.1.jar,file:/C:/Users/Marijana/.m2/repository/org/glassfish/jaxb/jaxb-runtime/2.3.2/FastInfoset-1.2.16.jar,file:/C:/Users/Marijana/.m2/repository/org/glassfish/jaxb/jaxb-runtime/2.3.2/jakarta.activation-api-1.2.1.jar
[2019-12-22 22:11:24] [INFO] Devtools property defaults active! Set 'spring.devtools.add-properties' to 'false' to disable
[2019-12-22 22:11:24] [INFO] For additional web related logging consider setting the 'logging.level.web' property to 'DEBUG'
[2019-12-22 22:11:25] [INFO] Bootstrapping Spring Data JPA repositories in DEFAULT mode.
[2019-12-22 22:11:25] [INFO] Finished Spring Data repository scanning in 90ms. Found 5 JPA repository interfaces.
[2019-12-22 22:11:25] [INFO] Bean 'org.springframework.transaction.annotation.ProxyTransactionManagementConfiguration' of type [org.springframework.transaction.annotation.ProxyTransactionManagementConfiguration] is not eligible for getting processed by all BeanPostProcessors (for example: not eligible for auto-proxying)
[2019-12-22 22:11:26] [INFO] Tomcat initialized with port(s): 8081 (https)
[2019-12-22 22:11:26] [INFO] Initializing ProtocolHandler ["https-jsse-nio-8081"]
[2019-12-22 22:11:26] [INFO] Starting service [Tomcat]
[2019-12-22 22:11:26] [INFO] Starting Servlet engine: [Apache Tomcat/9.0.29]
[2019-12-22 22:11:26] [INFO] Initializing Spring embedded WebApplicationContext
[2019-12-22 22:11:26] [INFO] Root WebApplicationContext: initialization completed in 1733 ms
[2019-12-22 22:11:26] [INFO] HHH000412: Hibernate Core {5.4.9.Final}
[2019-12-22 22:11:26] [INFO] HCANN000001: Hibernate Commons Annotations {5.1.0.Final}
[2019-12-22 22:11:27] [INFO] HHH000400: Using dialect: org.hibernate.dialect.PostgreSQL95Dialect
[2019-12-22 22:11:28] [INFO] HikariPool-1 - Starting...
[2019-12-22 22:11:28] [INFO] HikariPool-1 - Start completed.
[2019-12-22 22:11:28] [WARN] SQL Warning Code: 0, SQLState: 00000
[2019-12-22 22:11:28] [WARN] relation "card_owner" does not exist, skipping
[2019-12-22 22:11:28] [WARN] SQL Warning Code: 0, SQLState: 00000
[2019-12-22 22:11:28] [WARN] relation "payment_info" does not exist, skipping
[2019-12-22 22:11:28] [WARN] SQL Warning Code: 0, SQLState: 00000
[2019-12-22 22:11:28] [WARN] relation "transaction" does not exist, skipping
[2019-12-22 22:11:28] [WARN] SQL Warning Code: 0, SQLState: 00000
[2019-12-22 22:11:28] [WARN] relation "transaction" does not exist, skipping
[2019-12-22 22:11:28] [WARN] SQL Warning Code: 0, SQLState: 00000
[2019-12-22 22:11:28] [WARN] table "card" does not exist, skipping
[2019-12-22 22:11:28] [WARN] SQL Warning Code: 0, SQLState: 00000
[2019-12-22 22:11:28] [WARN] table "card_owner" does not exist, skipping
[2019-12-22 22:11:28] [WARN] SQL Warning Code: 0, SQLState: 00000
[2019-12-22 22:11:28] [WARN] table "payment_info" does not exist, skipping
[2019-12-22 22:11:28] [WARN] SQL Warning Code: 0, SQLState: 00000
[2019-12-22 22:11:28] [WARN] table "pccrequest" does not exist, skipping
[2019-12-22 22:11:28] [WARN] SQL Warning Code: 0, SQLState: 00000
[2019-12-22 22:11:28] [WARN] table "transaction" does not exist, skipping
[2019-12-22 22:11:28] [INFO] HHH000490: Using JtaPlatform implementation: [org.hibernate.engine.transaction.jta.platform.internal.NoJtaPlatform]
[2019-12-22 22:11:28] [INFO] Initialized JPA EntityManagerFactory for persistence unit 'default'
[2019-12-22 22:11:28] [WARN] Unable to start LiveReload server
[2019-12-22 22:11:29] [WARN] spring.jpa.open-in-view is enabled by default. Therefore, database queries may be performed during view rendering. Explicitly configure spring.jpa.open-in-view to disable this warning
[2019-12-22 22:11:29] [INFO] Initializing ExecutorService 'applicationTaskExecutor'
[2019-12-22 22:11:29] [INFO] Starting ProtocolHandler ["https-jsse-nio-8081"]
[2019-12-22 22:11:30] [INFO] Tomcat started on port(s): 8081 (https) with context path ''
[2019-12-22 22:11:30] [INFO] Started BankAcquirerApplication in 6.063 seconds (JVM running for 7.386)
[2019-12-22 22:12:04] [INFO] Initializing Spring DispatcherServlet 'dispatcherServlet'
[2019-12-22 22:12:04] [INFO] Initializing Servlet 'dispatcherServlet'
[2019-12-22 22:12:04] [INFO] Completed initialization in 12 ms
[2019-12-22 22:12:05] [ERROR] Invalid data
[2019-12-22 22:12:27] [INFO] transaction created
[2019-12-22 22:12:27] [INFO] payment info created
[2019-12-22 22:12:49] [INFO] Application shutdown requested.
[2019-12-22 22:12:49] [INFO] Shutting down ExecutorService 'applicationTaskExecutor'
[2019-12-22 22:12:49] [INFO] Closing JPA EntityManagerFactory for persistence unit 'default'
[2019-12-22 22:12:49] [INFO] HHH000477: Starting delayed evictData of schema as part of SessionFactory shut-down'
[2019-12-22 22:12:49] [INFO] HikariPool-1 - Shutdown initiated...
[2019-12-22 22:12:49] [INFO] HikariPool-1 - Shutdown completed.
